<?xml version="1.0" encoding="UTF-8"?>
<testng-results skipped="0" failed="0" total="4" passed="4">
  <reporter-output>
    <line>
      <![CDATA[Assert Passed verify_Day_Text_Data!!]]>
    </line>
    <line>
      <![CDATA[Assert Passed verify_Hour_Text_Data!!]]>
    </line>
    <line>
      <![CDATA[Assert Passed verify_Month_Text_Data!!]]>
    </line>
    <line>
      <![CDATA[Assert Passed verify_Year_Text_Data!!]]>
    </line>
  </reporter-output>
  <suite name="Default suite" duration-ms="4497" started-at="2016-08-03T21:25:32Z" finished-at="2016-08-03T21:25:37Z">
    <groups>
    </groups>
    <test name="Default test" duration-ms="4497" started-at="2016-08-03T21:25:32Z" finished-at="2016-08-03T21:25:37Z">
      <class name="TestClass">
        <test-method status="PASS" signature="initialization()[pri:0, instance:TestClass@103cd1c]" name="initialization" is-config="true" duration-ms="4028" started-at="2016-08-04T02:55:32Z" finished-at="2016-08-04T02:55:36Z">
          <reporter-output>
          </reporter-output>
        </test-method> <!-- initialization -->
        <test-method status="PASS" signature="verify_Day_Text_Data()[pri:0, instance:TestClass@103cd1c]" name="verify_Day_Text_Data" duration-ms="200" started-at="2016-08-04T02:55:36Z" finished-at="2016-08-04T02:55:36Z">
          <reporter-output>
            <line>
              <![CDATA[Assert Passed verify_Day_Text_Data!!]]>
            </line>
          </reporter-output>
        </test-method> <!-- verify_Day_Text_Data -->
        <test-method status="PASS" signature="verify_Hour_Text_Data()[pri:0, instance:TestClass@103cd1c]" name="verify_Hour_Text_Data" duration-ms="77" started-at="2016-08-04T02:55:36Z" finished-at="2016-08-04T02:55:36Z">
          <reporter-output>
            <line>
              <![CDATA[Assert Passed verify_Hour_Text_Data!!]]>
            </line>
          </reporter-output>
        </test-method> <!-- verify_Hour_Text_Data -->
        <test-method status="PASS" signature="verify_Month_Text_Data()[pri:0, instance:TestClass@103cd1c]" name="verify_Month_Text_Data" duration-ms="82" started-at="2016-08-04T02:55:36Z" finished-at="2016-08-04T02:55:36Z">
          <reporter-output>
            <line>
              <![CDATA[Assert Passed verify_Month_Text_Data!!]]>
            </line>
          </reporter-output>
        </test-method> <!-- verify_Month_Text_Data -->
        <test-method status="PASS" signature="verify_Year_Text_Data()[pri:0, instance:TestClass@103cd1c]" name="verify_Year_Text_Data" duration-ms="86" started-at="2016-08-04T02:55:36Z" finished-at="2016-08-04T02:55:37Z">
          <reporter-output>
            <line>
              <![CDATA[Assert Passed verify_Year_Text_Data!!]]>
            </line>
          </reporter-output>
        </test-method> <!-- verify_Year_Text_Data -->
      </class> <!-- TestClass -->
    </test> <!-- Default test -->
  </suite> <!-- Default suite -->
</testng-results>
